20240221 21:09:59 INFO  [main] utility.SalesforceListenerUtility SalesforceListenerUtility.java76 - TestTestNG has started....................
20240221 21:09:59 INFO  [main] salesforceBase.BaseTest BaseTest.java43 - .........BeforeMethod setUpBeforeMethod executed---------------
20240221 21:10:03 INFO  [main] salesforceBase.BaseTest BaseTest.java97 - https://login.salesforce.com/is entered
20240221 21:10:03 INFO  [main] utility.SalesforceListenerUtility SalesforceListenerUtility.java23 - SelectMyProfile.......test execution started........
20240221 21:10:03 ERROR [main] utility.SalesforceListenerUtility SalesforceListenerUtility.java39 - SelectMyProfile.......test execution completed with failure........
20240221 21:10:04 INFO  [main] salesforceBase.BaseTest BaseTest.java124 - went wrong when capturing the screen
20240221 21:10:04 INFO  [main] salesforceBase.BaseTest BaseTest.java103 - browser instance closed
20240221 21:10:04 INFO  [main] salesforceBase.BaseTest BaseTest.java53 - ******tearDownAfterTestMethod executed***********
20240221 21:10:04 INFO  [main] salesforceBase.BaseTest BaseTest.java43 - .........BeforeMethod setUpBeforeMethod executed---------------
20240221 21:10:07 INFO  [main] salesforceBase.BaseTest BaseTest.java97 - https://login.salesforce.com/is entered
20240221 21:10:07 INFO  [main] utility.SalesforceListenerUtility SalesforceListenerUtility.java23 - SelectMySetting.......test execution started........
20240221 21:10:07 ERROR [main] utility.SalesforceListenerUtility SalesforceListenerUtility.java39 - SelectMySetting.......test execution completed with failure........
20240221 21:10:07 INFO  [main] salesforceBase.BaseTest BaseTest.java124 - went wrong when capturing the screen
20240221 21:10:08 INFO  [main] salesforceBase.BaseTest BaseTest.java103 - browser instance closed
20240221 21:10:08 INFO  [main] salesforceBase.BaseTest BaseTest.java53 - ******tearDownAfterTestMethod executed***********
20240221 21:10:08 INFO  [main] salesforceBase.BaseTest BaseTest.java43 - .........BeforeMethod setUpBeforeMethod executed---------------
20240221 21:10:11 INFO  [main] salesforceBase.BaseTest BaseTest.java97 - https://login.salesforce.com/is entered
20240221 21:10:11 INFO  [main] utility.SalesforceListenerUtility SalesforceListenerUtility.java23 - Selectlogout.......test execution started........
20240221 21:10:11 ERROR [main] utility.SalesforceListenerUtility SalesforceListenerUtility.java39 - Selectlogout.......test execution completed with failure........
20240221 21:10:11 INFO  [main] salesforceBase.BaseTest BaseTest.java124 - went wrong when capturing the screen
20240221 21:10:12 INFO  [main] salesforceBase.BaseTest BaseTest.java103 - browser instance closed
20240221 21:10:12 INFO  [main] salesforceBase.BaseTest BaseTest.java53 - ******tearDownAfterTestMethod executed***********
20240221 21:10:12 INFO  [main] salesforceBase.BaseTest BaseTest.java43 - .........BeforeMethod setUpBeforeMethod executed---------------
20240221 21:10:14 INFO  [main] salesforceBase.BaseTest BaseTest.java97 - https://login.salesforce.com/is entered
20240221 21:10:14 INFO  [main] utility.SalesforceListenerUtility SalesforceListenerUtility.java23 - Selectusermenu.......test execution started........
20240221 21:10:14 ERROR [main] utility.SalesforceListenerUtility SalesforceListenerUtility.java39 - Selectusermenu.......test execution completed with failure........
20240221 21:10:14 INFO  [main] salesforceBase.BaseTest BaseTest.java124 - went wrong when capturing the screen
20240221 21:10:15 INFO  [main] salesforceBase.BaseTest BaseTest.java103 - browser instance closed
20240221 21:10:15 INFO  [main] salesforceBase.BaseTest BaseTest.java53 - ******tearDownAfterTestMethod executed***********
20240221 21:10:15 INFO  [main] salesforceBase.BaseTest BaseTest.java43 - .........BeforeMethod setUpBeforeMethod executed---------------
20240221 21:10:18 INFO  [main] salesforceBase.BaseTest BaseTest.java97 - https://login.salesforce.com/is entered
20240221 21:10:18 INFO  [main] utility.SalesforceListenerUtility SalesforceListenerUtility.java23 - Checkmycontactsview.......test execution started........
20240221 21:10:18 ERROR [main] utility.SalesforceListenerUtility SalesforceListenerUtility.java39 - Checkmycontactsview.......test execution completed with failure........
20240221 21:10:18 INFO  [main] salesforceBase.BaseTest BaseTest.java124 - went wrong when capturing the screen
20240221 21:10:19 INFO  [main] salesforceBase.BaseTest BaseTest.java103 - browser instance closed
20240221 21:10:19 INFO  [main] salesforceBase.BaseTest BaseTest.java53 - ******tearDownAfterTestMethod executed***********
20240221 21:10:19 INFO  [main] salesforceBase.BaseTest BaseTest.java43 - .........BeforeMethod setUpBeforeMethod executed---------------
20240221 21:10:22 INFO  [main] salesforceBase.BaseTest BaseTest.java97 - https://login.salesforce.com/is entered
20240221 21:10:22 INFO  [main] utility.SalesforceListenerUtility SalesforceListenerUtility.java23 - Checkrecentlycreatedcontactinthecontactpage.......test execution started........
20240221 21:10:22 ERROR [main] utility.SalesforceListenerUtility SalesforceListenerUtility.java39 - Checkrecentlycreatedcontactinthecontactpage.......test execution completed with failure........
20240221 21:10:22 INFO  [main] salesforceBase.BaseTest BaseTest.java124 - went wrong when capturing the screen
20240221 21:10:23 INFO  [main] salesforceBase.BaseTest BaseTest.java103 - browser instance closed
20240221 21:10:23 INFO  [main] salesforceBase.BaseTest BaseTest.java53 - ******tearDownAfterTestMethod executed***********
20240221 21:10:23 INFO  [main] salesforceBase.BaseTest BaseTest.java43 - .........BeforeMethod setUpBeforeMethod executed---------------
20240221 21:10:25 INFO  [main] salesforceBase.BaseTest BaseTest.java97 - https://login.salesforce.com/is entered
20240221 21:10:25 INFO  [main] utility.SalesforceListenerUtility SalesforceListenerUtility.java23 - Checksaveandnewbutton.......test execution started........
20240221 21:10:25 ERROR [main] utility.SalesforceListenerUtility SalesforceListenerUtility.java39 - Checksaveandnewbutton.......test execution completed with failure........
20240221 21:10:25 INFO  [main] salesforceBase.BaseTest BaseTest.java124 - went wrong when capturing the screen
20240221 21:10:26 INFO  [main] salesforceBase.BaseTest BaseTest.java103 - browser instance closed
20240221 21:10:26 INFO  [main] salesforceBase.BaseTest BaseTest.java53 - ******tearDownAfterTestMethod executed***********
20240221 21:10:26 INFO  [main] salesforceBase.BaseTest BaseTest.java43 - .........BeforeMethod setUpBeforeMethod executed---------------
20240221 21:10:29 INFO  [main] salesforceBase.BaseTest BaseTest.java97 - https://login.salesforce.com/is entered
20240221 21:10:29 INFO  [main] utility.SalesforceListenerUtility SalesforceListenerUtility.java23 - Checkthecancelbutton.......test execution started........
20240221 21:10:29 ERROR [main] utility.SalesforceListenerUtility SalesforceListenerUtility.java39 - Checkthecancelbutton.......test execution completed with failure........
20240221 21:10:29 INFO  [main] salesforceBase.BaseTest BaseTest.java124 - went wrong when capturing the screen
20240221 21:10:30 INFO  [main] salesforceBase.BaseTest BaseTest.java103 - browser instance closed
20240221 21:10:30 INFO  [main] salesforceBase.BaseTest BaseTest.java53 - ******tearDownAfterTestMethod executed***********
20240221 21:10:30 INFO  [main] salesforceBase.BaseTest BaseTest.java43 - .........BeforeMethod setUpBeforeMethod executed---------------
20240221 21:10:32 INFO  [main] salesforceBase.BaseTest BaseTest.java97 - https://login.salesforce.com/is entered
20240221 21:10:32 INFO  [main] utility.SalesforceListenerUtility SalesforceListenerUtility.java23 - Checktheerrormessage.......test execution started........
20240221 21:10:33 ERROR [main] utility.SalesforceListenerUtility SalesforceListenerUtility.java39 - Checktheerrormessage.......test execution completed with failure........
20240221 21:10:33 INFO  [main] salesforceBase.BaseTest BaseTest.java124 - went wrong when capturing the screen
20240221 21:10:33 INFO  [main] salesforceBase.BaseTest BaseTest.java103 - browser instance closed
20240221 21:10:33 INFO  [main] salesforceBase.BaseTest BaseTest.java53 - ******tearDownAfterTestMethod executed***********
20240221 21:10:33 INFO  [main] salesforceBase.BaseTest BaseTest.java43 - .........BeforeMethod setUpBeforeMethod executed---------------
20240221 21:10:36 INFO  [main] salesforceBase.BaseTest BaseTest.java97 - https://login.salesforce.com/is entered
20240221 21:10:36 INFO  [main] utility.SalesforceListenerUtility SalesforceListenerUtility.java23 - Createnewcontact.......test execution started........
20240221 21:10:36 ERROR [main] utility.SalesforceListenerUtility SalesforceListenerUtility.java39 - Createnewcontact.......test execution completed with failure........
20240221 21:10:36 INFO  [main] salesforceBase.BaseTest BaseTest.java124 - went wrong when capturing the screen
20240221 21:10:37 INFO  [main] salesforceBase.BaseTest BaseTest.java103 - browser instance closed
20240221 21:10:37 INFO  [main] salesforceBase.BaseTest BaseTest.java53 - ******tearDownAfterTestMethod executed***********
20240221 21:10:37 INFO  [main] salesforceBase.BaseTest BaseTest.java43 - .........BeforeMethod setUpBeforeMethod executed---------------
20240221 21:10:40 INFO  [main] salesforceBase.BaseTest BaseTest.java97 - https://login.salesforce.com/is entered
20240221 21:10:40 INFO  [main] utility.SalesforceListenerUtility SalesforceListenerUtility.java23 - Createnewviewincontactpage.......test execution started........
20240221 21:10:40 ERROR [main] utility.SalesforceListenerUtility SalesforceListenerUtility.java39 - Createnewviewincontactpage.......test execution completed with failure........
20240221 21:10:40 INFO  [main] salesforceBase.BaseTest BaseTest.java124 - went wrong when capturing the screen
20240221 21:10:40 INFO  [main] salesforceBase.BaseTest BaseTest.java103 - browser instance closed
20240221 21:10:40 INFO  [main] salesforceBase.BaseTest BaseTest.java53 - ******tearDownAfterTestMethod executed***********
20240221 21:10:40 INFO  [main] salesforceBase.BaseTest BaseTest.java43 - .........BeforeMethod setUpBeforeMethod executed---------------
20240221 21:10:44 INFO  [main] salesforceBase.BaseTest BaseTest.java97 - https://login.salesforce.com/is entered
20240221 21:10:44 INFO  [main] utility.SalesforceListenerUtility SalesforceListenerUtility.java23 - Viewacontactinthecontactpage.......test execution started........
20240221 21:10:44 ERROR [main] utility.SalesforceListenerUtility SalesforceListenerUtility.java39 - Viewacontactinthecontactpage.......test execution completed with failure........
20240221 21:10:44 INFO  [main] salesforceBase.BaseTest BaseTest.java124 - went wrong when capturing the screen
20240221 21:10:45 INFO  [main] salesforceBase.BaseTest BaseTest.java103 - browser instance closed
20240221 21:10:45 INFO  [main] salesforceBase.BaseTest BaseTest.java53 - ******tearDownAfterTestMethod executed***********
20240221 21:10:45 INFO  [main] salesforceBase.BaseTest BaseTest.java43 - .........BeforeMethod setUpBeforeMethod executed---------------
20240221 21:10:48 INFO  [main] salesforceBase.BaseTest BaseTest.java97 - https://login.salesforce.com/is entered
20240221 21:10:48 INFO  [main] utility.SalesforceListenerUtility SalesforceListenerUtility.java23 - leads1.......test execution started........
20240221 21:10:48 ERROR [main] utility.SalesforceListenerUtility SalesforceListenerUtility.java39 - leads1.......test execution completed with failure........
20240221 21:10:48 INFO  [main] salesforceBase.BaseTest BaseTest.java124 - went wrong when capturing the screen
20240221 21:10:49 INFO  [main] salesforceBase.BaseTest BaseTest.java103 - browser instance closed
20240221 21:10:49 INFO  [main] salesforceBase.BaseTest BaseTest.java53 - ******tearDownAfterTestMethod executed***********
20240221 21:10:49 INFO  [main] salesforceBase.BaseTest BaseTest.java43 - .........BeforeMethod setUpBeforeMethod executed---------------
20240221 21:10:52 INFO  [main] salesforceBase.BaseTest BaseTest.java97 - https://login.salesforce.com/is entered
20240221 21:10:52 INFO  [main] utility.SalesforceListenerUtility SalesforceListenerUtility.java23 - leads2.......test execution started........
20240221 21:10:52 ERROR [main] utility.SalesforceListenerUtility SalesforceListenerUtility.java39 - leads2.......test execution completed with failure........
20240221 21:10:52 INFO  [main] salesforceBase.BaseTest BaseTest.java124 - went wrong when capturing the screen
20240221 21:10:53 INFO  [main] salesforceBase.BaseTest BaseTest.java103 - browser instance closed
20240221 21:10:53 INFO  [main] salesforceBase.BaseTest BaseTest.java53 - ******tearDownAfterTestMethod executed***********
20240221 21:10:53 INFO  [main] salesforceBase.BaseTest BaseTest.java43 - .........BeforeMethod setUpBeforeMethod executed---------------
20240221 21:10:56 INFO  [main] salesforceBase.BaseTest BaseTest.java97 - https://login.salesforce.com/is entered
20240221 21:10:56 INFO  [main] utility.SalesforceListenerUtility SalesforceListenerUtility.java23 - leads3.......test execution started........
20240221 21:10:56 ERROR [main] utility.SalesforceListenerUtility SalesforceListenerUtility.java39 - leads3.......test execution completed with failure........
20240221 21:10:56 INFO  [main] salesforceBase.BaseTest BaseTest.java124 - went wrong when capturing the screen
20240221 21:10:57 INFO  [main] salesforceBase.BaseTest BaseTest.java103 - browser instance closed
20240221 21:10:57 INFO  [main] salesforceBase.BaseTest BaseTest.java53 - ******tearDownAfterTestMethod executed***********
20240221 21:10:57 INFO  [main] salesforceBase.BaseTest BaseTest.java43 - .........BeforeMethod setUpBeforeMethod executed---------------
20240221 21:11:00 INFO  [main] salesforceBase.BaseTest BaseTest.java97 - https://login.salesforce.com/is entered
20240221 21:11:00 INFO  [main] utility.SalesforceListenerUtility SalesforceListenerUtility.java23 - leads4.......test execution started........
20240221 21:11:00 ERROR [main] utility.SalesforceListenerUtility SalesforceListenerUtility.java39 - leads4.......test execution completed with failure........
20240221 21:11:00 INFO  [main] salesforceBase.BaseTest BaseTest.java124 - went wrong when capturing the screen
20240221 21:11:01 INFO  [main] salesforceBase.BaseTest BaseTest.java103 - browser instance closed
20240221 21:11:01 INFO  [main] salesforceBase.BaseTest BaseTest.java53 - ******tearDownAfterTestMethod executed***********
20240221 21:11:01 INFO  [main] salesforceBase.BaseTest BaseTest.java43 - .........BeforeMethod setUpBeforeMethod executed---------------
20240221 21:11:03 INFO  [main] salesforceBase.BaseTest BaseTest.java97 - https://login.salesforce.com/is entered
20240221 21:11:03 INFO  [main] utility.SalesforceListenerUtility SalesforceListenerUtility.java23 - leads5.......test execution started........
20240221 21:11:04 ERROR [main] utility.SalesforceListenerUtility SalesforceListenerUtility.java39 - leads5.......test execution completed with failure........
20240221 21:11:04 INFO  [main] salesforceBase.BaseTest BaseTest.java124 - went wrong when capturing the screen
20240221 21:11:04 INFO  [main] salesforceBase.BaseTest BaseTest.java103 - browser instance closed
20240221 21:11:04 INFO  [main] salesforceBase.BaseTest BaseTest.java53 - ******tearDownAfterTestMethod executed***********
20240221 21:11:04 INFO  [main] salesforceBase.BaseTest BaseTest.java43 - .........BeforeMethod setUpBeforeMethod executed---------------
20240221 21:11:07 INFO  [main] salesforceBase.BaseTest BaseTest.java97 - https://login.salesforce.com/is entered
20240221 21:11:07 INFO  [main] utility.SalesforceListenerUtility SalesforceListenerUtility.java23 - TestOpportunityPipelineReport.......test execution started........
20240221 21:11:07 ERROR [main] utility.SalesforceListenerUtility SalesforceListenerUtility.java39 - TestOpportunityPipelineReport.......test execution completed with failure........
20240221 21:11:07 INFO  [main] salesforceBase.BaseTest BaseTest.java124 - went wrong when capturing the screen
20240221 21:11:08 INFO  [main] salesforceBase.BaseTest BaseTest.java103 - browser instance closed
20240221 21:11:08 INFO  [main] salesforceBase.BaseTest BaseTest.java53 - ******tearDownAfterTestMethod executed***********
20240221 21:11:08 INFO  [main] salesforceBase.BaseTest BaseTest.java43 - .........BeforeMethod setUpBeforeMethod executed---------------
20240221 21:11:11 INFO  [main] salesforceBase.BaseTest BaseTest.java97 - https://login.salesforce.com/is entered
20240221 21:11:11 INFO  [main] utility.SalesforceListenerUtility SalesforceListenerUtility.java23 - TestQuarterlySummaryReport.......test execution started........
20240221 21:11:11 ERROR [main] utility.SalesforceListenerUtility SalesforceListenerUtility.java39 - TestQuarterlySummaryReport.......test execution completed with failure........
20240221 21:11:11 INFO  [main] salesforceBase.BaseTest BaseTest.java124 - went wrong when capturing the screen
20240221 21:11:12 INFO  [main] salesforceBase.BaseTest BaseTest.java103 - browser instance closed
20240221 21:11:12 INFO  [main] salesforceBase.BaseTest BaseTest.java53 - ******tearDownAfterTestMethod executed***********
20240221 21:11:12 INFO  [main] salesforceBase.BaseTest BaseTest.java43 - .........BeforeMethod setUpBeforeMethod executed---------------
20240221 21:11:15 INFO  [main] salesforceBase.BaseTest BaseTest.java97 - https://login.salesforce.com/is entered
20240221 21:11:15 INFO  [main] utility.SalesforceListenerUtility SalesforceListenerUtility.java23 - TestStuckOpportunitiesReport.......test execution started........
20240221 21:11:15 ERROR [main] utility.SalesforceListenerUtility SalesforceListenerUtility.java39 - TestStuckOpportunitiesReport.......test execution completed with failure........
20240221 21:11:15 INFO  [main] salesforceBase.BaseTest BaseTest.java124 - went wrong when capturing the screen
20240221 21:11:16 INFO  [main] salesforceBase.BaseTest BaseTest.java103 - browser instance closed
20240221 21:11:16 INFO  [main] salesforceBase.BaseTest BaseTest.java53 - ******tearDownAfterTestMethod executed***********
20240221 21:11:16 INFO  [main] salesforceBase.BaseTest BaseTest.java43 - .........BeforeMethod setUpBeforeMethod executed---------------
20240221 21:11:19 INFO  [main] salesforceBase.BaseTest BaseTest.java97 - https://login.salesforce.com/is entered
20240221 21:11:19 INFO  [main] utility.SalesforceListenerUtility SalesforceListenerUtility.java23 - createanewopty.......test execution started........
20240221 21:11:19 ERROR [main] utility.SalesforceListenerUtility SalesforceListenerUtility.java39 - createanewopty.......test execution completed with failure........
20240221 21:11:19 INFO  [main] salesforceBase.BaseTest BaseTest.java124 - went wrong when capturing the screen
20240221 21:11:20 INFO  [main] salesforceBase.BaseTest BaseTest.java103 - browser instance closed
20240221 21:11:20 INFO  [main] salesforceBase.BaseTest BaseTest.java53 - ******tearDownAfterTestMethod executed***********
20240221 21:11:20 INFO  [main] salesforceBase.BaseTest BaseTest.java43 - .........BeforeMethod setUpBeforeMethod executed---------------
20240221 21:11:23 INFO  [main] salesforceBase.BaseTest BaseTest.java97 - https://login.salesforce.com/is entered
20240221 21:11:23 INFO  [main] utility.SalesforceListenerUtility SalesforceListenerUtility.java23 - opportunitiesdropdown.......test execution started........
20240221 21:11:23 ERROR [main] utility.SalesforceListenerUtility SalesforceListenerUtility.java39 - opportunitiesdropdown.......test execution completed with failure........
20240221 21:11:23 INFO  [main] salesforceBase.BaseTest BaseTest.java124 - went wrong when capturing the screen
20240221 21:11:24 INFO  [main] salesforceBase.BaseTest BaseTest.java103 - browser instance closed
20240221 21:11:24 INFO  [main] salesforceBase.BaseTest BaseTest.java53 - ******tearDownAfterTestMethod executed***********
20240221 21:11:24 INFO  [main] salesforceBase.BaseTest BaseTest.java43 - .........BeforeMethod setUpBeforeMethod executed---------------
20240221 21:11:27 INFO  [main] salesforceBase.BaseTest BaseTest.java97 - https://login.salesforce.com/is entered
20240221 21:11:27 INFO  [main] utility.SalesforceListenerUtility SalesforceListenerUtility.java23 - createAccount.......test execution started........
20240221 21:11:27 ERROR [main] utility.SalesforceListenerUtility SalesforceListenerUtility.java39 - createAccount.......test execution completed with failure........
20240221 21:11:27 INFO  [main] salesforceBase.BaseTest BaseTest.java124 - went wrong when capturing the screen
20240221 21:11:28 INFO  [main] salesforceBase.BaseTest BaseTest.java103 - browser instance closed
20240221 21:11:28 INFO  [main] salesforceBase.BaseTest BaseTest.java53 - ******tearDownAfterTestMethod executed***********
20240221 21:11:28 INFO  [main] salesforceBase.BaseTest BaseTest.java43 - .........BeforeMethod setUpBeforeMethod executed---------------
20240221 21:11:31 INFO  [main] salesforceBase.BaseTest BaseTest.java97 - https://login.salesforce.com/is entered
20240221 21:11:31 INFO  [main] utility.SalesforceListenerUtility SalesforceListenerUtility.java23 - createaccountreport.......test execution started........
20240221 21:11:31 ERROR [main] utility.SalesforceListenerUtility SalesforceListenerUtility.java39 - createaccountreport.......test execution completed with failure........
20240221 21:11:31 INFO  [main] salesforceBase.BaseTest BaseTest.java124 - went wrong when capturing the screen
20240221 21:11:31 INFO  [main] salesforceBase.BaseTest BaseTest.java103 - browser instance closed
20240221 21:11:31 INFO  [main] salesforceBase.BaseTest BaseTest.java53 - ******tearDownAfterTestMethod executed***********
20240221 21:11:31 INFO  [main] salesforceBase.BaseTest BaseTest.java43 - .........BeforeMethod setUpBeforeMethod executed---------------
20240221 21:11:35 INFO  [main] salesforceBase.BaseTest BaseTest.java97 - https://login.salesforce.com/is entered
20240221 21:11:35 INFO  [main] utility.SalesforceListenerUtility SalesforceListenerUtility.java23 - createnewview.......test execution started........
20240221 21:11:35 ERROR [main] utility.SalesforceListenerUtility SalesforceListenerUtility.java39 - createnewview.......test execution completed with failure........
20240221 21:11:35 INFO  [main] salesforceBase.BaseTest BaseTest.java124 - went wrong when capturing the screen
20240221 21:11:36 INFO  [main] salesforceBase.BaseTest BaseTest.java103 - browser instance closed
20240221 21:11:36 INFO  [main] salesforceBase.BaseTest BaseTest.java53 - ******tearDownAfterTestMethod executed***********
20240221 21:11:36 INFO  [main] salesforceBase.BaseTest BaseTest.java43 - .........BeforeMethod setUpBeforeMethod executed---------------
20240221 21:11:39 INFO  [main] salesforceBase.BaseTest BaseTest.java97 - https://login.salesforce.com/is entered
20240221 21:11:39 INFO  [main] utility.SalesforceListenerUtility SalesforceListenerUtility.java23 - mergeaccounts.......test execution started........
20240221 21:11:39 ERROR [main] utility.SalesforceListenerUtility SalesforceListenerUtility.java39 - mergeaccounts.......test execution completed with failure........
20240221 21:11:39 INFO  [main] salesforceBase.BaseTest BaseTest.java124 - went wrong when capturing the screen
20240221 21:11:39 INFO  [main] salesforceBase.BaseTest BaseTest.java103 - browser instance closed
20240221 21:11:39 INFO  [main] salesforceBase.BaseTest BaseTest.java53 - ******tearDownAfterTestMethod executed***********
20240221 21:11:40 INFO  [main] utility.SalesforceListenerUtility SalesforceListenerUtility.java83 - TestTestNG has ended....................
20240221 21:25:43 INFO  [main] utility.SalesforceListenerUtility SalesforceListenerUtility.java75 - Default test has started....................
20240221 21:25:44 INFO  [main] salesforceBase.BaseTest BaseTest.java43 - .........BeforeMethod setUpBeforeMethod executed---------------
20240221 21:25:47 INFO  [main] salesforceBase.BaseTest BaseTest.java97 - https://login.salesforce.com/is entered
20240221 21:25:47 INFO  [main] utility.SalesforceListenerUtility SalesforceListenerUtility.java23 - leads1.......test execution started........
20240221 21:25:47 ERROR [main] utility.SalesforceListenerUtility SalesforceListenerUtility.java39 - leads1.......test execution completed with failure........
20240221 21:25:47 INFO  [main] salesforceBase.BaseTest BaseTest.java124 - went wrong when capturing the screen
20240221 21:25:48 INFO  [main] salesforceBase.BaseTest BaseTest.java103 - browser instance closed
20240221 21:25:48 INFO  [main] salesforceBase.BaseTest BaseTest.java53 - ******tearDownAfterTestMethod executed***********
20240221 21:25:48 INFO  [main] utility.SalesforceListenerUtility SalesforceListenerUtility.java82 - Default test has ended....................
20240221 21:29:54 INFO  [main] utility.SalesforceListenerUtility SalesforceListenerUtility.java76 - Default test has started....................
20240221 21:29:55 INFO  [main] salesforceBase.BaseTest BaseTest.java43 - .........BeforeMethod setUpBeforeMethod executed---------------
20240221 21:29:58 INFO  [main] salesforceBase.BaseTest BaseTest.java97 - https://login.salesforce.com/is entered
20240221 21:29:58 INFO  [main] utility.SalesforceListenerUtility SalesforceListenerUtility.java23 - leads1.......test execution started........
20240221 21:29:58 ERROR [main] utility.SalesforceListenerUtility SalesforceListenerUtility.java39 - leads1.......test execution completed with failure........
20240221 21:29:59 INFO  [main] salesforceBase.BaseTest BaseTest.java103 - browser instance closed
20240221 21:29:59 INFO  [main] salesforceBase.BaseTest BaseTest.java53 - ******tearDownAfterTestMethod executed***********
20240221 21:29:59 INFO  [main] utility.SalesforceListenerUtility SalesforceListenerUtility.java83 - Default test has ended....................
20240221 21:30:39 INFO  [main] utility.SalesforceListenerUtility SalesforceListenerUtility.java76 - Default test has started....................
20240221 21:30:39 INFO  [main] salesforceBase.BaseTest BaseTest.java43 - .........BeforeMethod setUpBeforeMethod executed---------------
20240221 21:30:42 INFO  [main] salesforceBase.BaseTest BaseTest.java97 - https://login.salesforce.com/is entered
20240221 21:30:42 INFO  [main] utility.SalesforceListenerUtility SalesforceListenerUtility.java23 - leads1.......test execution started........
20240221 21:30:42 ERROR [main] utility.SalesforceListenerUtility SalesforceListenerUtility.java39 - leads1.......test execution completed with failure........
20240221 21:30:43 INFO  [main] salesforceBase.BaseTest BaseTest.java103 - browser instance closed
20240221 21:30:43 INFO  [main] salesforceBase.BaseTest BaseTest.java53 - ******tearDownAfterTestMethod executed***********
20240221 21:30:43 INFO  [main] utility.SalesforceListenerUtility SalesforceListenerUtility.java83 - Default test has ended....................
20240221 21:32:23 INFO  [main] utility.SalesforceListenerUtility SalesforceListenerUtility.java76 - Default test has started....................
20240221 21:32:24 INFO  [main] salesforceBase.BaseTest BaseTest.java43 - .........BeforeMethod setUpBeforeMethod executed---------------
20240221 21:32:26 INFO  [main] utility.SalesforceListenerUtility SalesforceListenerUtility.java23 - leads1.......test execution started........
20240221 21:32:26 INFO  [main] utility.SalesforceListenerUtility SalesforceListenerUtility.java83 - Default test has ended....................
20240221 21:33:02 INFO  [main] utility.SalesforceListenerUtility SalesforceListenerUtility.java76 - Default test has started....................
20240221 21:33:02 INFO  [main] salesforceBase.BaseTest BaseTest.java43 - .........BeforeMethod setUpBeforeMethod executed---------------
20240221 21:33:05 INFO  [main] utility.SalesforceListenerUtility SalesforceListenerUtility.java23 - leads1.......test execution started........
20240221 21:33:05 INFO  [main] utility.SalesforceListenerUtility SalesforceListenerUtility.java83 - Default test has ended....................
20240221 21:34:33 INFO  [main] utility.SalesforceListenerUtility SalesforceListenerUtility.java76 - Default test has started....................
20240221 21:34:33 INFO  [main] salesforceBase.BaseTest BaseTest.java43 - .........BeforeMethod setUpBeforeMethod executed---------------
20240221 21:34:37 INFO  [main] salesforceBase.BaseTest BaseTest.java97 - https://login.salesforce.com/is entered
20240221 21:34:37 INFO  [main] utility.SalesforceListenerUtility SalesforceListenerUtility.java23 - leads1.......test execution started........
20240221 21:34:40 ERROR [main] utility.SalesforceListenerUtility SalesforceListenerUtility.java39 - leads1.......test execution completed with failure........
20240221 21:34:41 INFO  [main] salesforceBase.BaseTest BaseTest.java103 - browser instance closed
20240221 21:34:41 INFO  [main] salesforceBase.BaseTest BaseTest.java53 - ******tearDownAfterTestMethod executed***********
20240221 21:34:41 INFO  [main] utility.SalesforceListenerUtility SalesforceListenerUtility.java83 - Default test has ended....................
20240221 21:36:13 INFO  [main] utility.SalesforceListenerUtility SalesforceListenerUtility.java76 - Default test has started....................
20240221 21:36:13 INFO  [main] salesforceBase.BaseTest BaseTest.java43 - .........BeforeMethod setUpBeforeMethod executed---------------
20240221 21:36:16 INFO  [main] salesforceBase.BaseTest BaseTest.java97 - https://login.salesforce.com/is entered
20240221 21:36:16 INFO  [main] utility.SalesforceListenerUtility SalesforceListenerUtility.java23 - leads1.......test execution started........
20240221 21:36:33 INFO  [main] utility.SalesforceListenerUtility SalesforceListenerUtility.java31 - leads1.......test execution completed with success........
20240221 21:36:34 INFO  [main] salesforceBase.BaseTest BaseTest.java103 - browser instance closed
20240221 21:36:34 INFO  [main] salesforceBase.BaseTest BaseTest.java53 - ******tearDownAfterTestMethod executed***********
20240221 21:36:34 INFO  [main] utility.SalesforceListenerUtility SalesforceListenerUtility.java83 - Default test has ended....................
20240221 21:38:42 INFO  [main] utility.SalesforceListenerUtility SalesforceListenerUtility.java76 - Default test has started....................
20240221 21:38:42 INFO  [main] salesforceBase.BaseTest BaseTest.java43 - .........BeforeMethod setUpBeforeMethod executed---------------
20240221 21:38:46 INFO  [main] salesforceBase.BaseTest BaseTest.java97 - https://login.salesforce.com/is entered
20240221 21:38:46 INFO  [main] utility.SalesforceListenerUtility SalesforceListenerUtility.java23 - Checkmycontactsview.......test execution started........
20240221 21:39:02 ERROR [main] utility.SalesforceListenerUtility SalesforceListenerUtility.java39 - Checkmycontactsview.......test execution completed with failure........
20240221 21:39:03 INFO  [main] salesforceBase.BaseTest BaseTest.java103 - browser instance closed
20240221 21:39:03 INFO  [main] salesforceBase.BaseTest BaseTest.java53 - ******tearDownAfterTestMethod executed***********
20240221 21:39:03 INFO  [main] salesforceBase.BaseTest BaseTest.java43 - .........BeforeMethod setUpBeforeMethod executed---------------
20240221 21:39:06 INFO  [main] salesforceBase.BaseTest BaseTest.java97 - https://login.salesforce.com/is entered
20240221 21:39:06 INFO  [main] utility.SalesforceListenerUtility SalesforceListenerUtility.java23 - Checkrecentlycreatedcontactinthecontactpage.......test execution started........
20240221 21:39:20 ERROR [main] utility.SalesforceListenerUtility SalesforceListenerUtility.java39 - Checkrecentlycreatedcontactinthecontactpage.......test execution completed with failure........
20240221 21:39:21 INFO  [main] salesforceBase.BaseTest BaseTest.java103 - browser instance closed
20240221 21:39:21 INFO  [main] salesforceBase.BaseTest BaseTest.java53 - ******tearDownAfterTestMethod executed***********
20240221 21:39:21 INFO  [main] salesforceBase.BaseTest BaseTest.java43 - .........BeforeMethod setUpBeforeMethod executed---------------
20240221 21:39:24 INFO  [main] salesforceBase.BaseTest BaseTest.java97 - https://login.salesforce.com/is entered
20240221 21:39:24 INFO  [main] utility.SalesforceListenerUtility SalesforceListenerUtility.java23 - Checksaveandnewbutton.......test execution started........
20240221 21:39:38 INFO  [main] utility.SalesforceListenerUtility SalesforceListenerUtility.java31 - Checksaveandnewbutton.......test execution completed with success........
20240221 21:39:39 INFO  [main] salesforceBase.BaseTest BaseTest.java103 - browser instance closed
20240221 21:39:39 INFO  [main] salesforceBase.BaseTest BaseTest.java53 - ******tearDownAfterTestMethod executed***********
20240221 21:39:39 INFO  [main] salesforceBase.BaseTest BaseTest.java43 - .........BeforeMethod setUpBeforeMethod executed---------------
20240221 21:39:42 INFO  [main] salesforceBase.BaseTest BaseTest.java97 - https://login.salesforce.com/is entered
20240221 21:39:42 INFO  [main] utility.SalesforceListenerUtility SalesforceListenerUtility.java23 - Checkthecancelbutton.......test execution started........
20240221 21:40:00 INFO  [main] utility.SalesforceListenerUtility SalesforceListenerUtility.java31 - Checkthecancelbutton.......test execution completed with success........
20240221 21:40:01 INFO  [main] salesforceBase.BaseTest BaseTest.java103 - browser instance closed
20240221 21:40:01 INFO  [main] salesforceBase.BaseTest BaseTest.java53 - ******tearDownAfterTestMethod executed***********
20240221 21:40:01 INFO  [main] salesforceBase.BaseTest BaseTest.java43 - .........BeforeMethod setUpBeforeMethod executed---------------
20240221 21:40:04 INFO  [main] salesforceBase.BaseTest BaseTest.java97 - https://login.salesforce.com/is entered
20240221 21:40:04 INFO  [main] utility.SalesforceListenerUtility SalesforceListenerUtility.java23 - Checktheerrormessage.......test execution started........
20240221 21:40:18 INFO  [main] utility.SalesforceListenerUtility SalesforceListenerUtility.java31 - Checktheerrormessage.......test execution completed with success........
20240221 21:40:19 INFO  [main] salesforceBase.BaseTest BaseTest.java103 - browser instance closed
20240221 21:40:19 INFO  [main] salesforceBase.BaseTest BaseTest.java53 - ******tearDownAfterTestMethod executed***********
20240221 21:40:19 INFO  [main] salesforceBase.BaseTest BaseTest.java43 - .........BeforeMethod setUpBeforeMethod executed---------------
20240221 21:40:22 INFO  [main] salesforceBase.BaseTest BaseTest.java97 - https://login.salesforce.com/is entered
20240221 21:40:22 INFO  [main] utility.SalesforceListenerUtility SalesforceListenerUtility.java23 - Createnewcontact.......test execution started........
20240221 21:40:42 INFO  [main] utility.SalesforceListenerUtility SalesforceListenerUtility.java31 - Createnewcontact.......test execution completed with success........
20240221 21:40:43 INFO  [main] salesforceBase.BaseTest BaseTest.java103 - browser instance closed
20240221 21:40:43 INFO  [main] salesforceBase.BaseTest BaseTest.java53 - ******tearDownAfterTestMethod executed***********
20240221 21:40:43 INFO  [main] salesforceBase.BaseTest BaseTest.java43 - .........BeforeMethod setUpBeforeMethod executed---------------
20240221 21:40:46 INFO  [main] salesforceBase.BaseTest BaseTest.java97 - https://login.salesforce.com/is entered
20240221 21:40:46 INFO  [main] utility.SalesforceListenerUtility SalesforceListenerUtility.java23 - Createnewviewincontactpage.......test execution started........
20240221 21:41:04 INFO  [main] utility.SalesforceListenerUtility SalesforceListenerUtility.java31 - Createnewviewincontactpage.......test execution completed with success........
20240221 21:41:05 INFO  [main] salesforceBase.BaseTest BaseTest.java103 - browser instance closed
20240221 21:41:05 INFO  [main] salesforceBase.BaseTest BaseTest.java53 - ******tearDownAfterTestMethod executed***********
20240221 21:41:05 INFO  [main] salesforceBase.BaseTest BaseTest.java43 - .........BeforeMethod setUpBeforeMethod executed---------------
20240221 21:41:08 INFO  [main] salesforceBase.BaseTest BaseTest.java97 - https://login.salesforce.com/is entered
20240221 21:41:08 INFO  [main] utility.SalesforceListenerUtility SalesforceListenerUtility.java23 - Viewacontactinthecontactpage.......test execution started........
20240221 21:41:27 INFO  [main] utility.SalesforceListenerUtility SalesforceListenerUtility.java31 - Viewacontactinthecontactpage.......test execution completed with success........
20240221 21:41:27 INFO  [main] salesforceBase.BaseTest BaseTest.java103 - browser instance closed
20240221 21:41:27 INFO  [main] salesforceBase.BaseTest BaseTest.java53 - ******tearDownAfterTestMethod executed***********
20240221 21:41:28 INFO  [main] utility.SalesforceListenerUtility SalesforceListenerUtility.java83 - Default test has ended....................
20240221 21:49:34 INFO  [main] utility.SalesforceListenerUtility SalesforceListenerUtility.java76 - Default test has started....................
20240221 21:49:34 INFO  [main] salesforceBase.BaseTest BaseTest.java43 - .........BeforeMethod setUpBeforeMethod executed---------------
20240221 21:49:38 INFO  [main] salesforceBase.BaseTest BaseTest.java97 - https://login.salesforce.com/is entered
20240221 21:49:38 INFO  [main] utility.SalesforceListenerUtility SalesforceListenerUtility.java23 - TestOpportunityPipelineReport.......test execution started........
20240221 21:49:38 ERROR [main] utility.SalesforceListenerUtility SalesforceListenerUtility.java39 - TestOpportunityPipelineReport.......test execution completed with failure........
20240221 21:49:39 INFO  [main] salesforceBase.BaseTest BaseTest.java103 - browser instance closed
20240221 21:49:39 INFO  [main] salesforceBase.BaseTest BaseTest.java53 - ******tearDownAfterTestMethod executed***********
20240221 21:49:39 INFO  [main] salesforceBase.BaseTest BaseTest.java43 - .........BeforeMethod setUpBeforeMethod executed---------------
20240221 21:49:41 INFO  [main] salesforceBase.BaseTest BaseTest.java97 - https://login.salesforce.com/is entered
20240221 21:49:41 INFO  [main] utility.SalesforceListenerUtility SalesforceListenerUtility.java23 - TestQuarterlySummaryReport.......test execution started........
20240221 21:49:41 ERROR [main] utility.SalesforceListenerUtility SalesforceListenerUtility.java39 - TestQuarterlySummaryReport.......test execution completed with failure........
20240221 21:49:42 INFO  [main] salesforceBase.BaseTest BaseTest.java103 - browser instance closed
20240221 21:49:42 INFO  [main] salesforceBase.BaseTest BaseTest.java53 - ******tearDownAfterTestMethod executed***********
20240221 21:49:42 INFO  [main] salesforceBase.BaseTest BaseTest.java43 - .........BeforeMethod setUpBeforeMethod executed---------------
20240221 21:49:45 INFO  [main] salesforceBase.BaseTest BaseTest.java97 - https://login.salesforce.com/is entered
20240221 21:49:45 INFO  [main] utility.SalesforceListenerUtility SalesforceListenerUtility.java23 - TestStuckOpportunitiesReport.......test execution started........
20240221 21:49:45 ERROR [main] utility.SalesforceListenerUtility SalesforceListenerUtility.java39 - TestStuckOpportunitiesReport.......test execution completed with failure........
20240221 21:49:46 INFO  [main] salesforceBase.BaseTest BaseTest.java103 - browser instance closed
20240221 21:49:46 INFO  [main] salesforceBase.BaseTest BaseTest.java53 - ******tearDownAfterTestMethod executed***********
20240221 21:49:46 INFO  [main] salesforceBase.BaseTest BaseTest.java43 - .........BeforeMethod setUpBeforeMethod executed---------------
20240221 21:49:49 INFO  [main] salesforceBase.BaseTest BaseTest.java97 - https://login.salesforce.com/is entered
20240221 21:49:49 INFO  [main] utility.SalesforceListenerUtility SalesforceListenerUtility.java23 - createanewopty.......test execution started........
20240221 21:49:49 ERROR [main] utility.SalesforceListenerUtility SalesforceListenerUtility.java39 - createanewopty.......test execution completed with failure........
20240221 21:49:49 INFO  [main] salesforceBase.BaseTest BaseTest.java103 - browser instance closed
20240221 21:49:49 INFO  [main] salesforceBase.BaseTest BaseTest.java53 - ******tearDownAfterTestMethod executed***********
20240221 21:49:49 INFO  [main] salesforceBase.BaseTest BaseTest.java43 - .........BeforeMethod setUpBeforeMethod executed---------------
20240221 21:49:52 INFO  [main] salesforceBase.BaseTest BaseTest.java97 - https://login.salesforce.com/is entered
20240221 21:49:52 INFO  [main] utility.SalesforceListenerUtility SalesforceListenerUtility.java23 - opportunitiesdropdown.......test execution started........
20240221 21:49:52 ERROR [main] utility.SalesforceListenerUtility SalesforceListenerUtility.java39 - opportunitiesdropdown.......test execution completed with failure........
20240221 21:49:53 INFO  [main] salesforceBase.BaseTest BaseTest.java103 - browser instance closed
20240221 21:49:53 INFO  [main] salesforceBase.BaseTest BaseTest.java53 - ******tearDownAfterTestMethod executed***********
20240221 21:49:53 INFO  [main] utility.SalesforceListenerUtility SalesforceListenerUtility.java83 - Default test has ended....................
20240221 21:50:50 INFO  [main] utility.SalesforceListenerUtility SalesforceListenerUtility.java76 - Default test has started....................
20240221 21:50:50 INFO  [main] salesforceBase.BaseTest BaseTest.java43 - .........BeforeMethod setUpBeforeMethod executed---------------
20240221 21:50:53 INFO  [main] salesforceBase.BaseTest BaseTest.java97 - https://login.salesforce.com/is entered
20240221 21:50:53 INFO  [main] utility.SalesforceListenerUtility SalesforceListenerUtility.java23 - TestOpportunityPipelineReport.......test execution started........
20240221 21:51:06 INFO  [main] utility.SalesforceListenerUtility SalesforceListenerUtility.java31 - TestOpportunityPipelineReport.......test execution completed with success........
20240221 21:51:07 INFO  [main] salesforceBase.BaseTest BaseTest.java103 - browser instance closed
20240221 21:51:07 INFO  [main] salesforceBase.BaseTest BaseTest.java53 - ******tearDownAfterTestMethod executed***********
20240221 21:51:07 INFO  [main] salesforceBase.BaseTest BaseTest.java43 - .........BeforeMethod setUpBeforeMethod executed---------------
20240221 21:51:10 INFO  [main] salesforceBase.BaseTest BaseTest.java97 - https://login.salesforce.com/is entered
20240221 21:51:10 INFO  [main] utility.SalesforceListenerUtility SalesforceListenerUtility.java23 - TestQuarterlySummaryReport.......test execution started........
20240221 21:51:29 INFO  [main] utility.SalesforceListenerUtility SalesforceListenerUtility.java31 - TestQuarterlySummaryReport.......test execution completed with success........
20240221 21:51:29 INFO  [main] salesforceBase.BaseTest BaseTest.java103 - browser instance closed
20240221 21:51:29 INFO  [main] salesforceBase.BaseTest BaseTest.java53 - ******tearDownAfterTestMethod executed***********
20240221 21:51:29 INFO  [main] salesforceBase.BaseTest BaseTest.java43 - .........BeforeMethod setUpBeforeMethod executed---------------
20240221 21:51:32 INFO  [main] salesforceBase.BaseTest BaseTest.java97 - https://login.salesforce.com/is entered
20240221 21:51:32 INFO  [main] utility.SalesforceListenerUtility SalesforceListenerUtility.java23 - TestStuckOpportunitiesReport.......test execution started........
20240221 21:51:50 INFO  [main] utility.SalesforceListenerUtility SalesforceListenerUtility.java31 - TestStuckOpportunitiesReport.......test execution completed with success........
20240221 21:51:51 INFO  [main] salesforceBase.BaseTest BaseTest.java103 - browser instance closed
20240221 21:51:51 INFO  [main] salesforceBase.BaseTest BaseTest.java53 - ******tearDownAfterTestMethod executed***********
20240221 21:51:51 INFO  [main] salesforceBase.BaseTest BaseTest.java43 - .........BeforeMethod setUpBeforeMethod executed---------------
20240221 21:51:53 INFO  [main] salesforceBase.BaseTest BaseTest.java97 - https://login.salesforce.com/is entered
20240221 21:51:53 INFO  [main] utility.SalesforceListenerUtility SalesforceListenerUtility.java23 - createanewopty.......test execution started........
20240221 21:52:07 ERROR [main] utility.SalesforceListenerUtility SalesforceListenerUtility.java39 - createanewopty.......test execution completed with failure........
20240221 21:52:08 INFO  [main] salesforceBase.BaseTest BaseTest.java103 - browser instance closed
20240221 21:52:08 INFO  [main] salesforceBase.BaseTest BaseTest.java53 - ******tearDownAfterTestMethod executed***********
20240221 21:52:08 INFO  [main] salesforceBase.BaseTest BaseTest.java43 - .........BeforeMethod setUpBeforeMethod executed---------------
20240221 21:52:12 INFO  [main] salesforceBase.BaseTest BaseTest.java97 - https://login.salesforce.com/is entered
20240221 21:52:12 INFO  [main] utility.SalesforceListenerUtility SalesforceListenerUtility.java23 - opportunitiesdropdown.......test execution started........
20240221 21:52:23 INFO  [main] utility.SalesforceListenerUtility SalesforceListenerUtility.java31 - opportunitiesdropdown.......test execution completed with success........
20240221 21:52:24 INFO  [main] salesforceBase.BaseTest BaseTest.java103 - browser instance closed
20240221 21:52:24 INFO  [main] salesforceBase.BaseTest BaseTest.java53 - ******tearDownAfterTestMethod executed***********
20240221 21:52:24 INFO  [main] utility.SalesforceListenerUtility SalesforceListenerUtility.java83 - Default test has ended....................
20240221 21:52:45 INFO  [main] utility.SalesforceListenerUtility SalesforceListenerUtility.java76 - Default test has started....................
20240221 21:52:45 INFO  [main] salesforceBase.BaseTest BaseTest.java43 - .........BeforeMethod setUpBeforeMethod executed---------------
20240221 21:52:48 INFO  [main] salesforceBase.BaseTest BaseTest.java97 - https://login.salesforce.com/is entered
20240221 21:52:48 INFO  [main] utility.SalesforceListenerUtility SalesforceListenerUtility.java23 - SelectMyProfile.......test execution started........
20240221 21:53:12 ERROR [main] utility.SalesforceListenerUtility SalesforceListenerUtility.java39 - SelectMyProfile.......test execution completed with failure........
20240221 21:53:13 INFO  [main] salesforceBase.BaseTest BaseTest.java103 - browser instance closed
20240221 21:53:13 INFO  [main] salesforceBase.BaseTest BaseTest.java53 - ******tearDownAfterTestMethod executed***********
20240221 21:53:13 INFO  [main] salesforceBase.BaseTest BaseTest.java43 - .........BeforeMethod setUpBeforeMethod executed---------------
20240221 21:53:16 INFO  [main] salesforceBase.BaseTest BaseTest.java97 - https://login.salesforce.com/is entered
20240221 21:53:16 INFO  [main] utility.SalesforceListenerUtility SalesforceListenerUtility.java23 - SelectMySetting.......test execution started........
20240221 21:53:36 INFO  [main] utility.SalesforceListenerUtility SalesforceListenerUtility.java31 - SelectMySetting.......test execution completed with success........
20240221 21:53:37 INFO  [main] salesforceBase.BaseTest BaseTest.java103 - browser instance closed
20240221 21:53:37 INFO  [main] salesforceBase.BaseTest BaseTest.java53 - ******tearDownAfterTestMethod executed***********
20240221 21:53:37 INFO  [main] salesforceBase.BaseTest BaseTest.java43 - .........BeforeMethod setUpBeforeMethod executed---------------
20240221 21:53:40 INFO  [main] salesforceBase.BaseTest BaseTest.java97 - https://login.salesforce.com/is entered
20240221 21:53:40 INFO  [main] utility.SalesforceListenerUtility SalesforceListenerUtility.java23 - Selectlogout.......test execution started........
20240221 21:53:52 ERROR [main] utility.SalesforceListenerUtility SalesforceListenerUtility.java39 - Selectlogout.......test execution completed with failure........
20240221 21:53:53 INFO  [main] salesforceBase.BaseTest BaseTest.java103 - browser instance closed
20240221 21:53:53 INFO  [main] salesforceBase.BaseTest BaseTest.java53 - ******tearDownAfterTestMethod executed***********
20240221 21:53:53 INFO  [main] salesforceBase.BaseTest BaseTest.java43 - .........BeforeMethod setUpBeforeMethod executed---------------
20240221 21:53:56 INFO  [main] salesforceBase.BaseTest BaseTest.java97 - https://login.salesforce.com/is entered
20240221 21:53:56 INFO  [main] utility.SalesforceListenerUtility SalesforceListenerUtility.java23 - Selectusermenu.......test execution started........
20240221 21:54:06 INFO  [main] utility.SalesforceListenerUtility SalesforceListenerUtility.java31 - Selectusermenu.......test execution completed with success........
20240221 21:54:07 INFO  [main] salesforceBase.BaseTest BaseTest.java103 - browser instance closed
20240221 21:54:07 INFO  [main] salesforceBase.BaseTest BaseTest.java53 - ******tearDownAfterTestMethod executed***********
20240221 21:54:07 INFO  [main] utility.SalesforceListenerUtility SalesforceListenerUtility.java83 - Default test has ended....................
